<?xml version="1.0" encoding="UTF-8"?>
<testng-results ignored="0" total="13" passed="13" failed="0" skipped="0">
  <reporter-output>
  </reporter-output>
  <suite started-at="2020-05-02T05:10:51 EDT" name="testNG-delta-trip_mgmt-RoundTrip" finished-at="2020-05-02T05:11:30 EDT" duration-ms="38640">
    <groups>
    </groups>
    <test started-at="2020-05-02T05:10:51 EDT" name="/Users/fida10/Programming/JavaProjects/MavenProjects/UnifiedAirLinesFrameWork/transportTestingFramework" finished-at="2020-05-02T05:11:30 EDT" duration-ms="38640">
      <class name="paxTransport.airlines.deltaAirLines.trip_mgmt.DepartureAndArrivalCityPicker">
        <test-method signature="openDepCityOptions(java.lang.String)[pri:0, instance:paxTransport.airlines.deltaAirLines.trip_mgmt.DepartureAndArrivalCityPicker@64d7f7e0]" started-at="2020-05-02T05:10:51 EDT" name="openDepCityOptions" finished-at="2020-05-02T05:10:52 EDT" duration-ms="373" status="PASS">
          <params>
            <param index="0">
              <value>
                <![CDATA[xpathOpenDepCitySelector]]>
              </value>
            </param>
          </params>
          <reporter-output>
          </reporter-output>
        </test-method> <!-- openDepCityOptions -->
        <test-method signature="selectDepCity(java.lang.String, java.lang.String, java.lang.String)[pri:0, instance:paxTransport.airlines.deltaAirLines.trip_mgmt.DepartureAndArrivalCityPicker@64d7f7e0]" started-at="2020-05-02T05:10:53 EDT" name="selectDepCity" finished-at="2020-05-02T05:10:53 EDT" depends-on-methods="paxTransport.airlines.deltaAirLines.trip_mgmt.DepartureAndArrivalCityPicker.openDepCityOptions" duration-ms="486" status="PASS">
          <params>
            <param index="0">
              <value>
                <![CDATA[roundTripDepCityCode]]>
              </value>
            </param>
            <param index="1">
              <value>
                <![CDATA[xpathCityAutoDropDownDynamicXpath]]>
              </value>
            </param>
            <param index="2">
              <value>
                <![CDATA[xpathCityAutoDropDownCloseXpath]]>
              </value>
            </param>
          </params>
          <reporter-output>
          </reporter-output>
        </test-method> <!-- selectDepCity -->
        <test-method signature="openArrCityOptions(java.lang.String)[pri:0, instance:paxTransport.airlines.deltaAirLines.trip_mgmt.DepartureAndArrivalCityPicker@64d7f7e0]" started-at="2020-05-02T05:10:55 EDT" name="openArrCityOptions" finished-at="2020-05-02T05:10:55 EDT" depends-on-methods="paxTransport.airlines.deltaAirLines.trip_mgmt.DepartureAndArrivalCityPicker.selectDepCity" duration-ms="314" status="PASS">
          <params>
            <param index="0">
              <value>
                <![CDATA[xpathOpenArrCitySelector]]>
              </value>
            </param>
          </params>
          <reporter-output>
          </reporter-output>
        </test-method> <!-- openArrCityOptions -->
        <test-method signature="selectArrCity(java.lang.String, java.lang.String, java.lang.String)[pri:0, instance:paxTransport.airlines.deltaAirLines.trip_mgmt.DepartureAndArrivalCityPicker@64d7f7e0]" started-at="2020-05-02T05:10:56 EDT" name="selectArrCity" finished-at="2020-05-02T05:10:56 EDT" depends-on-methods="paxTransport.airlines.deltaAirLines.trip_mgmt.DepartureAndArrivalCityPicker.openArrCityOptions" duration-ms="411" status="PASS">
          <params>
            <param index="0">
              <value>
                <![CDATA[roundTripArrCityCode]]>
              </value>
            </param>
            <param index="1">
              <value>
                <![CDATA[xpathCityAutoDropDownDynamicXpath]]>
              </value>
            </param>
            <param index="2">
              <value>
                <![CDATA[xpathCityAutoDropDownCloseXpath]]>
              </value>
            </param>
          </params>
          <reporter-output>
          </reporter-output>
        </test-method> <!-- selectArrCity -->
      </class> <!-- paxTransport.airlines.deltaAirLines.trip_mgmt.DepartureAndArrivalCityPicker -->
      <class name="paxTransport.airlines.deltaAirLines.trip_mgmt.TripSelectorTest">
        <test-method is-config="true" signature="urlVerificationTest()[pri:0, instance:paxTransport.airlines.deltaAirLines.trip_mgmt.TripSelectorTest@27c6e487]" started-at="2020-05-02T05:10:57 EDT" name="urlVerificationTest" finished-at="2020-05-02T05:10:57 EDT" duration-ms="5" status="PASS">
          <reporter-output>
          </reporter-output>
        </test-method> <!-- urlVerificationTest -->
        <test-method signature="selectOneWay(java.lang.String, java.lang.String)[pri:0, instance:paxTransport.airlines.deltaAirLines.trip_mgmt.TripSelectorTest@27c6e487]" started-at="2020-05-02T05:10:57 EDT" name="selectOneWay" finished-at="2020-05-02T05:10:58 EDT" duration-ms="491" status="PASS">
          <params>
            <param index="0">
              <value>
                <![CDATA[xpathTripTypeSelector]]>
              </value>
            </param>
            <param index="1">
              <value>
                <![CDATA[xpathTripTypeRoundTripSelector]]>
              </value>
            </param>
          </params>
          <reporter-output>
          </reporter-output>
        </test-method> <!-- selectOneWay -->
      </class> <!-- paxTransport.airlines.deltaAirLines.trip_mgmt.TripSelectorTest -->
      <class name="paxTransport.airlines.deltaAirLines.trip_mgmt.NoOfPaxTest">
        <test-method is-config="true" signature="urlVerificationTest()[pri:0, instance:paxTransport.airlines.deltaAirLines.trip_mgmt.NoOfPaxTest@38364841]" started-at="2020-05-02T05:11:05 EDT" name="urlVerificationTest" finished-at="2020-05-02T05:11:05 EDT" duration-ms="4" status="PASS">
          <reporter-output>
          </reporter-output>
        </test-method> <!-- urlVerificationTest -->
        <test-method signature="openPaxBox(java.lang.String)[pri:0, instance:paxTransport.airlines.deltaAirLines.trip_mgmt.NoOfPaxTest@38364841]" started-at="2020-05-02T05:11:05 EDT" name="openPaxBox" finished-at="2020-05-02T05:11:05 EDT" duration-ms="311" status="PASS">
          <params>
            <param index="0">
              <value>
                <![CDATA[xpathPaxSelector]]>
              </value>
            </param>
          </params>
          <reporter-output>
          </reporter-output>
        </test-method> <!-- openPaxBox -->
        <test-method signature="selectPaxNo(java.lang.String, java.lang.String)[pri:0, instance:paxTransport.airlines.deltaAirLines.trip_mgmt.NoOfPaxTest@38364841]" started-at="2020-05-02T05:11:06 EDT" name="selectPaxNo" finished-at="2020-05-02T05:11:07 EDT" depends-on-methods="paxTransport.airlines.deltaAirLines.trip_mgmt.NoOfPaxTest.openPaxBox" duration-ms="240" status="PASS">
          <params>
            <param index="0">
              <value>
                <![CDATA[xpathPathToAllPaxOptions]]>
              </value>
            </param>
            <param index="1">
              <value>
                <![CDATA[roundTripNoOfPax]]>
              </value>
            </param>
          </params>
          <reporter-output>
          </reporter-output>
        </test-method> <!-- selectPaxNo -->
      </class> <!-- paxTransport.airlines.deltaAirLines.trip_mgmt.NoOfPaxTest -->
      <class name="paxTransport.airlines.deltaAirLines.trip_mgmt.CheckResultsPageTest">
        <test-method signature="resultsPageAppearsTest(java.lang.String, java.lang.String)[pri:0, instance:paxTransport.airlines.deltaAirLines.trip_mgmt.CheckResultsPageTest@59717824]" started-at="2020-05-02T05:11:09 EDT" name="resultsPageAppearsTest" finished-at="2020-05-02T05:11:29 EDT" duration-ms="20110" status="PASS">
          <params>
            <param index="0">
              <value>
                <![CDATA[xpathResultsPageNoResultsFound]]>
              </value>
            </param>
            <param index="1">
              <value>
                <![CDATA[xpathResultsPageFlightsFound]]>
              </value>
            </param>
          </params>
          <reporter-output>
          </reporter-output>
        </test-method> <!-- resultsPageAppearsTest -->
      </class> <!-- paxTransport.airlines.deltaAirLines.trip_mgmt.CheckResultsPageTest -->
      <class name="paxTransport.airlines.deltaAirLines.onStartUp.StartUpTest">
        <test-method is-config="true" signature="initializer(java.lang.String)[pri:0, instance:paxTransport.airlines.deltaAirLines.onStartUp.StartUpTest@6e38921c]" started-at="2020-05-02T05:10:44 EDT" name="initializer" finished-at="2020-05-02T05:10:51 EDT" duration-ms="7463" status="PASS">
          <params>
            <param index="0">
              <value>
                <![CDATA[deltaAirLinesProperties.properties]]>
              </value>
            </param>
          </params>
          <reporter-output>
          </reporter-output>
        </test-method> <!-- initializer -->
        <test-method is-config="true" signature="end()[pri:0, instance:paxTransport.airlines.deltaAirLines.onStartUp.StartUpTest@6e38921c]" started-at="2020-05-02T05:11:30 EDT" name="end" finished-at="2020-05-02T05:11:34 EDT" duration-ms="3808" status="PASS">
          <reporter-output>
          </reporter-output>
        </test-method> <!-- end -->
      </class> <!-- paxTransport.airlines.deltaAirLines.onStartUp.StartUpTest -->
      <class name="paxTransport.airlines.deltaAirLines.trip_mgmt.DepartDatePickerTest">
        <test-method is-config="true" signature="urlVerificationTest()[pri:0, instance:paxTransport.airlines.deltaAirLines.trip_mgmt.DepartDatePickerTest@49070868]" started-at="2020-05-02T05:10:59 EDT" name="urlVerificationTest" finished-at="2020-05-02T05:10:59 EDT" duration-ms="4" status="PASS">
          <reporter-output>
          </reporter-output>
        </test-method> <!-- urlVerificationTest -->
        <test-method signature="departDatePickerTest(java.lang.String, java.lang.String, java.lang.String, java.lang.String, java.lang.String, java.lang.String, java.lang.String, java.lang.String, java.lang.String, java.lang.String, java.lang.String)[pri:0, instance:paxTransport.airlines.deltaAirLines.trip_mgmt.DepartDatePickerTest@49070868]" started-at="2020-05-02T05:10:59 EDT" name="departDatePickerTest" finished-at="2020-05-02T05:11:00 EDT" duration-ms="621" status="PASS">
          <params>
            <param index="0">
              <value>
                <![CDATA[xpathDepartDatePickerOpener]]>
              </value>
            </param>
            <param index="1">
              <value>
                <![CDATA[xpathDepartPathToOpenFirstBoxYear]]>
              </value>
            </param>
            <param index="2">
              <value>
                <![CDATA[xpathDepartPathToOpenFirstBoxMonth]]>
              </value>
            </param>
            <param index="3">
              <value>
                <![CDATA[xpathDepartPathToOpenSecondBoxYear]]>
              </value>
            </param>
            <param index="4">
              <value>
                <![CDATA[xpathDepartPathToOpenSecondBoxMonth]]>
              </value>
            </param>
            <param index="5">
              <value>
                <![CDATA[departDateYear]]>
              </value>
            </param>
            <param index="6">
              <value>
                <![CDATA[departDateMonthFirstLetterCapital]]>
              </value>
            </param>
            <param index="7">
              <value>
                <![CDATA[xpathDepartPathToNextArrow]]>
              </value>
            </param>
            <param index="8">
              <value>
                <![CDATA[xpathDepartNumericDatePathFirstBox]]>
              </value>
            </param>
            <param index="9">
              <value>
                <![CDATA[xpathDepartNumericDatePathSecondBox]]>
              </value>
            </param>
            <param index="10">
              <value>
                <![CDATA[departDateNumericDate]]>
              </value>
            </param>
          </params>
          <reporter-output>
          </reporter-output>
        </test-method> <!-- departDatePickerTest -->
        <test-method signature="clickDoneButton(java.lang.String)[pri:0, instance:paxTransport.airlines.deltaAirLines.trip_mgmt.DepartDatePickerTest@49070868]" started-at="2020-05-02T05:11:01 EDT" name="clickDoneButton" finished-at="2020-05-02T05:11:01 EDT" depends-on-methods="paxTransport.airlines.deltaAirLines.trip_mgmt.DepartDatePickerTest.departDatePickerTest" duration-ms="209" status="PASS">
          <params>
            <param index="0">
              <value>
                <![CDATA[xpathDepartDatePickerDoneButton]]>
              </value>
            </param>
          </params>
          <reporter-output>
          </reporter-output>
        </test-method> <!-- clickDoneButton -->
      </class> <!-- paxTransport.airlines.deltaAirLines.trip_mgmt.DepartDatePickerTest -->
      <class name="paxTransport.airlines.deltaAirLines.trip_mgmt.ArriveDatePickerTest">
        <test-method is-config="true" signature="urlVerificationTest()[pri:0, instance:paxTransport.airlines.deltaAirLines.trip_mgmt.ArriveDatePickerTest@6385cb26]" started-at="2020-05-02T05:11:02 EDT" name="urlVerificationTest" finished-at="2020-05-02T05:11:02 EDT" duration-ms="4" status="PASS">
          <reporter-output>
          </reporter-output>
        </test-method> <!-- urlVerificationTest -->
        <test-method signature="arriveDatePickerTest(java.lang.String, java.lang.String, java.lang.String, java.lang.String, java.lang.String, java.lang.String, java.lang.String, java.lang.String, java.lang.String, java.lang.String, java.lang.String)[pri:0, instance:paxTransport.airlines.deltaAirLines.trip_mgmt.ArriveDatePickerTest@6385cb26]" started-at="2020-05-02T05:11:02 EDT" name="arriveDatePickerTest" finished-at="2020-05-02T05:11:03 EDT" duration-ms="735" status="PASS">
          <params>
            <param index="0">
              <value>
                <![CDATA[xpathArriveDatePickerOpener]]>
              </value>
            </param>
            <param index="1">
              <value>
                <![CDATA[xpathArrivePathToOpenFirstBoxYear]]>
              </value>
            </param>
            <param index="2">
              <value>
                <![CDATA[xpathArrivePathToOpenFirstBoxMonth]]>
              </value>
            </param>
            <param index="3">
              <value>
                <![CDATA[xpathArrivePathToOpenSecondBoxYear]]>
              </value>
            </param>
            <param index="4">
              <value>
                <![CDATA[xpathArrivePathToOpenSecondBoxMonth]]>
              </value>
            </param>
            <param index="5">
              <value>
                <![CDATA[arriveDateYear]]>
              </value>
            </param>
            <param index="6">
              <value>
                <![CDATA[arriveDateMonthFirstLetterCapital]]>
              </value>
            </param>
            <param index="7">
              <value>
                <![CDATA[xpathArrivePathToNextArrow]]>
              </value>
            </param>
            <param index="8">
              <value>
                <![CDATA[xpathArriveNumericDatePathFirstBox]]>
              </value>
            </param>
            <param index="9">
              <value>
                <![CDATA[xpathArriveNumericDatePathSecondBox]]>
              </value>
            </param>
            <param index="10">
              <value>
                <![CDATA[arriveDateNumericDate]]>
              </value>
            </param>
          </params>
          <reporter-output>
          </reporter-output>
        </test-method> <!-- arriveDatePickerTest -->
        <test-method signature="clickDoneButton(java.lang.String)[pri:0, instance:paxTransport.airlines.deltaAirLines.trip_mgmt.ArriveDatePickerTest@6385cb26]" started-at="2020-05-02T05:11:03 EDT" name="clickDoneButton" finished-at="2020-05-02T05:11:04 EDT" depends-on-methods="paxTransport.airlines.deltaAirLines.trip_mgmt.ArriveDatePickerTest.arriveDatePickerTest" duration-ms="268" status="PASS">
          <params>
            <param index="0">
              <value>
                <![CDATA[xpathArriveDatePickerDoneButton]]>
              </value>
            </param>
          </params>
          <reporter-output>
          </reporter-output>
        </test-method> <!-- clickDoneButton -->
      </class> <!-- paxTransport.airlines.deltaAirLines.trip_mgmt.ArriveDatePickerTest -->
      <class name="paxTransport.airlines.deltaAirLines.trip_mgmt.FlightSearchButton">
        <test-method is-config="true" signature="urlVerificationTest()[pri:0, instance:paxTransport.airlines.deltaAirLines.trip_mgmt.FlightSearchButton@28c4711c]" started-at="2020-05-02T05:11:08 EDT" name="urlVerificationTest" finished-at="2020-05-02T05:11:08 EDT" duration-ms="2" status="PASS">
          <reporter-output>
          </reporter-output>
        </test-method> <!-- urlVerificationTest -->
        <test-method signature="clickFlightSearchButton(java.lang.String)[pri:0, instance:paxTransport.airlines.deltaAirLines.trip_mgmt.FlightSearchButton@28c4711c]" started-at="2020-05-02T05:11:08 EDT" name="clickFlightSearchButton" finished-at="2020-05-02T05:11:08 EDT" duration-ms="277" status="PASS">
          <params>
            <param index="0">
              <value>
                <![CDATA[xpathSearchButton]]>
              </value>
            </param>
          </params>
          <reporter-output>
          </reporter-output>
        </test-method> <!-- clickFlightSearchButton -->
      </class> <!-- paxTransport.airlines.deltaAirLines.trip_mgmt.FlightSearchButton -->
    </test> <!-- /Users/fida10/Programming/JavaProjects/MavenProjects/UnifiedAirLinesFrameWork/transportTestingFramework -->
  </suite> <!-- testNG-delta-trip_mgmt-RoundTrip -->
</testng-results>
