<?xml version="1.0" encoding="UTF-8"?>
<testng-results ignored="2" total="19" passed="17" failed="0" skipped="0">
  <reporter-output>
  </reporter-output>
  <suite started-at="2020-05-04T18:44:28 EDT" name="testNG-delta-trip_mgmt-RoundTrip" finished-at="2020-05-04T18:45:24 EDT" duration-ms="55799">
    <groups>
    </groups>
    <test started-at="2020-05-04T18:44:28 EDT" name="/Users/fida10/Programming/JavaProjects/MavenProjects/UnifiedAirLinesFrameWork/transportTestingFramework" finished-at="2020-05-04T18:45:24 EDT" duration-ms="55799">
      <class name="paxTransport.commonWebSiteTests.trip_mgmt.ReturnDatePickerTest">
        <test-method is-config="true" signature="urlVerificationTest()[pri:0, instance:paxTransport.commonWebSiteTests.trip_mgmt.ReturnDatePickerTest@146044d7]" started-at="2020-05-04T18:44:56 EDT" name="urlVerificationTest" finished-at="2020-05-04T18:44:56 EDT" duration-ms="3" status="PASS">
          <reporter-output>
          </reporter-output>
        </test-method> <!-- urlVerificationTest -->
        <test-method signature="arriveDatePickerTest(java.lang.String, java.lang.String, java.lang.String)[pri:1, instance:paxTransport.commonWebSiteTests.trip_mgmt.ReturnDatePickerTest@146044d7]" started-at="2020-05-04T18:44:56 EDT" name="arriveDatePickerTest" finished-at="2020-05-04T18:44:58 EDT" duration-ms="1754" status="PASS">
          <params>
            <param index="0">
              <value>
                <![CDATA[roundTripReturnDateYear]]>
              </value>
            </param>
            <param index="1">
              <value>
                <![CDATA[roundTripReturnDateMonthFirstLetterCapital]]>
              </value>
            </param>
            <param index="2">
              <value>
                <![CDATA[roundTripReturnDateNumericDate]]>
              </value>
            </param>
          </params>
          <reporter-output>
          </reporter-output>
        </test-method> <!-- arriveDatePickerTest -->
        <test-method signature="clickDoneButton()[pri:3, instance:paxTransport.commonWebSiteTests.trip_mgmt.ReturnDatePickerTest@146044d7]" started-at="2020-05-04T18:44:59 EDT" name="clickDoneButton" finished-at="2020-05-04T18:44:59 EDT" duration-ms="203" status="PASS">
          <reporter-output>
          </reporter-output>
        </test-method> <!-- clickDoneButton -->
      </class> <!-- paxTransport.commonWebSiteTests.trip_mgmt.ReturnDatePickerTest -->
      <class name="paxTransport.commonWebSiteTests.trip_mgmt.DepartureAndArrivalCityPickerTest">
        <test-method signature="openDepCityOptions()[pri:1, instance:paxTransport.commonWebSiteTests.trip_mgmt.DepartureAndArrivalCityPickerTest@38364841]" started-at="2020-05-04T18:44:29 EDT" name="openDepCityOptions" finished-at="2020-05-04T18:44:29 EDT" duration-ms="880" status="PASS">
          <reporter-output>
          </reporter-output>
        </test-method> <!-- openDepCityOptions -->
        <test-method signature="sendKeysDynamicXpathToDepCity(java.lang.String)[pri:2, instance:paxTransport.commonWebSiteTests.trip_mgmt.DepartureAndArrivalCityPickerTest@38364841]" started-at="2020-05-04T18:44:32 EDT" name="sendKeysDynamicXpathToDepCity" finished-at="2020-05-04T18:44:33 EDT" duration-ms="274" status="PASS">
          <params>
            <param index="0">
              <value>
                <![CDATA[roundTripDepCityCode]]>
              </value>
            </param>
          </params>
          <reporter-output>
          </reporter-output>
        </test-method> <!-- sendKeysDynamicXpathToDepCity -->
        <test-method signature="depCityNotDisplayedHandler()[pri:4, instance:paxTransport.commonWebSiteTests.trip_mgmt.DepartureAndArrivalCityPickerTest@38364841]" started-at="2020-05-04T18:44:35 EDT" name="depCityNotDisplayedHandler" finished-at="2020-05-04T18:44:35 EDT" duration-ms="180" status="PASS">
          <reporter-output>
          </reporter-output>
        </test-method> <!-- depCityNotDisplayedHandler -->
        <test-method signature="selectDepCity()[pri:4, instance:paxTransport.commonWebSiteTests.trip_mgmt.DepartureAndArrivalCityPickerTest@38364841]" started-at="2020-05-04T18:44:37 EDT" name="selectDepCity" finished-at="2020-05-04T18:44:37 EDT" duration-ms="300" status="PASS">
          <reporter-output>
          </reporter-output>
        </test-method> <!-- selectDepCity -->
        <test-method signature="openArrCityOptions()[pri:6, instance:paxTransport.commonWebSiteTests.trip_mgmt.DepartureAndArrivalCityPickerTest@38364841]" started-at="2020-05-04T18:44:38 EDT" name="openArrCityOptions" finished-at="2020-05-04T18:44:38 EDT" duration-ms="271" status="PASS">
          <reporter-output>
          </reporter-output>
        </test-method> <!-- openArrCityOptions -->
        <test-method signature="sendKeysDynamicXpathToArrCity(java.lang.String)[pri:7, instance:paxTransport.commonWebSiteTests.trip_mgmt.DepartureAndArrivalCityPickerTest@38364841]" started-at="2020-05-04T18:44:39 EDT" name="sendKeysDynamicXpathToArrCity" finished-at="2020-05-04T18:44:39 EDT" duration-ms="60" status="PASS">
          <params>
            <param index="0">
              <value>
                <![CDATA[roundTripArrCityCode]]>
              </value>
            </param>
          </params>
          <reporter-output>
          </reporter-output>
        </test-method> <!-- sendKeysDynamicXpathToArrCity -->
        <test-method signature="arrCityNotDisplayedHandler()[pri:9, instance:paxTransport.commonWebSiteTests.trip_mgmt.DepartureAndArrivalCityPickerTest@38364841]" started-at="2020-05-04T18:44:40 EDT" name="arrCityNotDisplayedHandler" finished-at="2020-05-04T18:44:40 EDT" duration-ms="47" status="PASS">
          <reporter-output>
          </reporter-output>
        </test-method> <!-- arrCityNotDisplayedHandler -->
        <test-method signature="selectArrCity()[pri:10, instance:paxTransport.commonWebSiteTests.trip_mgmt.DepartureAndArrivalCityPickerTest@38364841]" started-at="2020-05-04T18:44:42 EDT" name="selectArrCity" finished-at="2020-05-04T18:44:42 EDT" duration-ms="540" status="PASS">
          <reporter-output>
          </reporter-output>
        </test-method> <!-- selectArrCity -->
      </class> <!-- paxTransport.commonWebSiteTests.trip_mgmt.DepartureAndArrivalCityPickerTest -->
      <class name="paxTransport.commonWebSiteTests.trip_mgmt.DepartDatePickerTest">
        <test-method is-config="true" signature="urlVerificationTest()[pri:0, instance:paxTransport.commonWebSiteTests.trip_mgmt.DepartDatePickerTest@59717824]" started-at="2020-05-04T18:44:48 EDT" name="urlVerificationTest" finished-at="2020-05-04T18:44:48 EDT" duration-ms="6" status="PASS">
          <reporter-output>
          </reporter-output>
        </test-method> <!-- urlVerificationTest -->
        <test-method signature="departDatePickerTest(java.lang.String, java.lang.String, java.lang.String)[pri:1, instance:paxTransport.commonWebSiteTests.trip_mgmt.DepartDatePickerTest@59717824]" started-at="2020-05-04T18:44:48 EDT" name="departDatePickerTest" finished-at="2020-05-04T18:44:52 EDT" duration-ms="3890" status="PASS">
          <params>
            <param index="0">
              <value>
                <![CDATA[oneWayDepartDateYear]]>
              </value>
            </param>
            <param index="1">
              <value>
                <![CDATA[oneWayDepartDateMonthFirstLetterCapital]]>
              </value>
            </param>
            <param index="2">
              <value>
                <![CDATA[oneWayDepartDateNumericDate]]>
              </value>
            </param>
          </params>
          <reporter-output>
          </reporter-output>
        </test-method> <!-- departDatePickerTest -->
        <test-method signature="clickDoneButton()[pri:3, instance:paxTransport.commonWebSiteTests.trip_mgmt.DepartDatePickerTest@59717824]" started-at="2020-05-04T18:44:54 EDT" name="clickDoneButton" finished-at="2020-05-04T18:44:55 EDT" duration-ms="320" status="PASS">
          <reporter-output>
          </reporter-output>
        </test-method> <!-- clickDoneButton -->
      </class> <!-- paxTransport.commonWebSiteTests.trip_mgmt.DepartDatePickerTest -->
      <class name="paxTransport.commonWebSiteTests.trip_mgmt.FlightSearchButtonTest">
        <test-method is-config="true" signature="urlVerificationTest()[pri:0, instance:paxTransport.commonWebSiteTests.trip_mgmt.FlightSearchButtonTest@15d9bc04]" started-at="2020-05-04T18:45:05 EDT" name="urlVerificationTest" finished-at="2020-05-04T18:45:05 EDT" duration-ms="6" status="PASS">
          <reporter-output>
          </reporter-output>
        </test-method> <!-- urlVerificationTest -->
        <test-method signature="clickFlightSearchButton()[pri:1, instance:paxTransport.commonWebSiteTests.trip_mgmt.FlightSearchButtonTest@15d9bc04]" started-at="2020-05-04T18:45:05 EDT" name="clickFlightSearchButton" finished-at="2020-05-04T18:45:06 EDT" duration-ms="574" status="PASS">
          <reporter-output>
          </reporter-output>
        </test-method> <!-- clickFlightSearchButton -->
      </class> <!-- paxTransport.commonWebSiteTests.trip_mgmt.FlightSearchButtonTest -->
      <class name="paxTransport.commonWebSiteTests.onStartUp.StartUpTest">
        <test-method is-config="true" signature="initializer(java.lang.String, java.lang.String)[pri:0, instance:paxTransport.commonWebSiteTests.onStartUp.StartUpTest@27c6e487]" started-at="2020-05-04T18:44:14 EDT" name="initializer" finished-at="2020-05-04T18:44:28 EDT" duration-ms="14839" status="PASS">
          <params>
            <param index="0">
              <value>
                <![CDATA[deltaAirLinesProperties.properties]]>
              </value>
            </param>
            <param index="1">
              <value>
                <![CDATA[firefox]]>
              </value>
            </param>
          </params>
          <reporter-output>
          </reporter-output>
        </test-method> <!-- initializer -->
        <test-method is-config="true" signature="end()[pri:0, instance:paxTransport.commonWebSiteTests.onStartUp.StartUpTest@27c6e487]" started-at="2020-05-04T18:45:25 EDT" name="end" finished-at="2020-05-04T18:45:27 EDT" duration-ms="2062" status="PASS">
          <reporter-output>
          </reporter-output>
        </test-method> <!-- end -->
      </class> <!-- paxTransport.commonWebSiteTests.onStartUp.StartUpTest -->
      <class name="paxTransport.commonWebSiteTests.trip_mgmt.NoOfPaxTest">
        <test-method is-config="true" signature="urlVerificationTest()[pri:0, instance:paxTransport.commonWebSiteTests.trip_mgmt.NoOfPaxTest@1e9e725a]" started-at="2020-05-04T18:45:00 EDT" name="urlVerificationTest" finished-at="2020-05-04T18:45:00 EDT" duration-ms="3" status="PASS">
          <reporter-output>
          </reporter-output>
        </test-method> <!-- urlVerificationTest -->
        <test-method signature="openPaxBox()[pri:1, instance:paxTransport.commonWebSiteTests.trip_mgmt.NoOfPaxTest@1e9e725a]" started-at="2020-05-04T18:45:00 EDT" name="openPaxBox" finished-at="2020-05-04T18:45:00 EDT" duration-ms="215" status="PASS">
          <reporter-output>
          </reporter-output>
        </test-method> <!-- openPaxBox -->
        <test-method signature="selectPaxNo(java.lang.String)[pri:2, instance:paxTransport.commonWebSiteTests.trip_mgmt.NoOfPaxTest@1e9e725a]" started-at="2020-05-04T18:45:02 EDT" name="selectPaxNo" finished-at="2020-05-04T18:45:03 EDT" duration-ms="614" status="PASS">
          <params>
            <param index="0">
              <value>
                <![CDATA[roundTripNoOfPax]]>
              </value>
            </param>
          </params>
          <reporter-output>
          </reporter-output>
        </test-method> <!-- selectPaxNo -->
      </class> <!-- paxTransport.commonWebSiteTests.trip_mgmt.NoOfPaxTest -->
      <class name="paxTransport.commonWebSiteTests.trip_mgmt.CheckResultsPageTest">
        <test-method signature="resultsPageAppearsTest()[pri:0, instance:paxTransport.commonWebSiteTests.trip_mgmt.CheckResultsPageTest@473b46c3]" started-at="2020-05-04T18:45:09 EDT" name="resultsPageAppearsTest" finished-at="2020-05-04T18:45:23 EDT" duration-ms="14682" status="PASS">
          <reporter-output>
          </reporter-output>
        </test-method> <!-- resultsPageAppearsTest -->
      </class> <!-- paxTransport.commonWebSiteTests.trip_mgmt.CheckResultsPageTest -->
      <class name="paxTransport.commonWebSiteTests.trip_mgmt.TripSelectorTest">
        <test-method is-config="true" signature="urlVerificationTest()[pri:0, instance:paxTransport.commonWebSiteTests.trip_mgmt.TripSelectorTest@28c4711c]" started-at="2020-05-04T18:44:45 EDT" name="urlVerificationTest" finished-at="2020-05-04T18:44:45 EDT" duration-ms="13" status="PASS">
          <reporter-output>
          </reporter-output>
        </test-method> <!-- urlVerificationTest -->
        <test-method signature="selectTripTypeDropDown(java.lang.String)[pri:0, instance:paxTransport.commonWebSiteTests.trip_mgmt.TripSelectorTest@28c4711c]" started-at="2020-05-04T18:44:45 EDT" name="selectTripTypeDropDown" finished-at="2020-05-04T18:44:46 EDT" duration-ms="1242" status="PASS">
          <params>
            <param index="0">
              <value>
                <![CDATA[xpathTripTypeRoundTripSelector]]>
              </value>
            </param>
          </params>
          <reporter-output>
          </reporter-output>
        </test-method> <!-- selectTripTypeDropDown -->
      </class> <!-- paxTransport.commonWebSiteTests.trip_mgmt.TripSelectorTest -->
    </test> <!-- /Users/fida10/Programming/JavaProjects/MavenProjects/UnifiedAirLinesFrameWork/transportTestingFramework -->
  </suite> <!-- testNG-delta-trip_mgmt-RoundTrip -->
</testng-results>
