<?xml version="1.0" encoding="UTF-8"?>
<testsuite xmlns:xsi="http://www.w3.org/2001/XMLSchema-instance" xsi:noNamespaceSchemaLocation="https://maven.apache.org/surefire/maven-surefire-plugin/xsd/surefire-test-report-3.0.xsd" version="3.0" name="TestSuite" time="18.959" tests="2" errors="0" skipped="0" failures="0">
  <properties>
[...]
</properties>
  <testcase name="loginTest" classname="paxTransport.airlines.deltaAirLines.account_mgmt.SignInSignOutTest" time="3.357"/>
  <testcase name="logout" classname="paxTransport.airlines.deltaAirLines.account_mgmt.SignInSignOutTest" time="10.741"/>
</testsuite>