<?xml version="1.0" encoding="UTF-8"?>
<!-- Generated by org.testng.reporters.JUnitXMLReporter -->
<testsuite ignored="2" hostname="Fidas-MacBook-Pro.local" failures="0" tests="5" name="/Users/fida10/Programming/JavaProjects/MavenProjects/UnifiedAirLinesFrameWork/transportTestingFramework" time="14.037" errors="0" timestamp="2020-05-04T22:59:23 EDT">
  <testcase classname="paxTransport.commonWebSiteTests.account_mgmt.SignInSignOutTest" name="validLoginTest" time="3.157"/>
  <testcase classname="paxTransport.commonWebSiteTests.account_mgmt.SignInSignOutTest" name="validLastNameInput" time="0.437"/>
  <testcase classname="paxTransport.commonWebSiteTests.account_mgmt.SignInSignOutTest" name="clickLoginSubmitButton" time="0.434"/>
  <testcase classname="paxTransport.commonWebSiteTests.account_mgmt.SignInSignOutTest" name="logOut" time="4.874"/>
  <testcase classname="paxTransport.commonWebSiteTests.account_mgmt.SignInSignOutTest" name="logoutConfirmationPage" time="2.96"/>
  <testcase classname="paxTransport.commonWebSiteTests.account_mgmt.SignInSignOutTest" name="displayLogOutButton" time="0.0">
    <ignored/>
  </testcase> <!-- displayLogOutButton -->
  <testcase classname="paxTransport.commonWebSiteTests.account_mgmt.SignInSignOutTest" name="closeLoginSurveyBox" time="0.0">
    <ignored/>
  </testcase> <!-- closeLoginSurveyBox -->
</testsuite> <!-- /Users/fida10/Programming/JavaProjects/MavenProjects/UnifiedAirLinesFrameWork/transportTestingFramework -->
