<?xml version="1.0" encoding="UTF-8"?>
<!-- Generated by org.testng.reporters.JUnitXMLReporter -->
<testsuite ignored="1" hostname="Fidas-MacBook-Pro.local" failures="0" tests="6" name="/Users/fida10/Programming/JavaProjects/MavenProjects/UnifiedAirLinesFrameWork/transportTestingFramework" time="18.553" errors="0" timestamp="2020-05-04T17:38:07 EDT">
  <testcase classname="paxTransport.commonWebSiteTests.account_mgmt.SignInSignOutTest" name="validLoginTest" time="3.85"/>
  <testcase classname="paxTransport.commonWebSiteTests.account_mgmt.SignInSignOutTest" name="clickLoginSubmitButton" time="0.257"/>
  <testcase classname="paxTransport.commonWebSiteTests.account_mgmt.SignInSignOutTest" name="closeLoginSurveyBox" time="6.086"/>
  <testcase classname="paxTransport.commonWebSiteTests.account_mgmt.SignInSignOutTest" name="displayLogOutButton" time="0.344"/>
  <testcase classname="paxTransport.commonWebSiteTests.account_mgmt.SignInSignOutTest" name="logOut" time="0.287"/>
  <testcase classname="paxTransport.commonWebSiteTests.account_mgmt.SignInSignOutTest" name="logoutConfirmationPage" time="0.421"/>
  <testcase classname="paxTransport.commonWebSiteTests.account_mgmt.SignInSignOutTest" name="validLastNameInput" time="0.0">
    <ignored/>
  </testcase> <!-- validLastNameInput -->
</testsuite> <!-- /Users/fida10/Programming/JavaProjects/MavenProjects/UnifiedAirLinesFrameWork/transportTestingFramework -->
